<?xml version="1.0" encoding="UTF-8" ?>
<testsuite errors="0" failures="0" hostname="tcs055677" name="instruction.InvalideInstructionExecutionTest" tests="8" time="0.25" timestamp="2008-08-10T19:21:13">
  <properties>
[...]
</properties>
  <testcase classname="instruction.InvalideInstructionExecutionTest" name="testInvalideInstructionExecute[0]" time="0.031" />
  <testcase classname="instruction.InvalideInstructionExecutionTest" name="testInvalideInstructionExecute[1]" time="0.0" />
  <testcase classname="instruction.InvalideInstructionExecutionTest" name="testInvalideInstructionExecute[2]" time="0.016" />
  <testcase classname="instruction.InvalideInstructionExecutionTest" name="testInvalideInstructionExecute[3]" time="0.0" />
  <testcase classname="instruction.InvalideInstructionExecutionTest" name="testInvalideInstructionExecute[4]" time="0.0" />
  <testcase classname="instruction.InvalideInstructionExecutionTest" name="testInvalideInstructionExecute[5]" time="0.0" />
  <testcase classname="instruction.InvalideInstructionExecutionTest" name="testInvalideInstructionExecute[6]" time="0.0" />
  <testcase classname="instruction.InvalideInstructionExecutionTest" name="testInvalideInstructionExecute[7]" time="0.0" />
  <system-out><![CDATA[]]></system-out>
  <system-err><![CDATA[]]></system-err>
</testsuite>
